0 info it worked if it ends with ok
1 verbose cli [ 'C:\\Program Files (x86)\\nodejs\\node.exe',
1 verbose cli   'C:\\Program Files (x86)\\nodejs\\node_modules\\npm\\bin\\npm-cli.js',
1 verbose cli   'install',
1 verbose cli   'highcharts',
1 verbose cli   '--save' ]
2 info using npm@3.3.12
3 info using node@v5.4.0
4 silly loadCurrentTree Starting
5 silly install loadCurrentTree
6 silly install readLocalPackageData
7 silly fetchPackageMetaData highcharts
8 silly fetchNamedPackageData highcharts
9 silly mapToRegistry name highcharts
10 silly mapToRegistry using default registry
11 silly mapToRegistry registry https://registry.npmjs.org/
12 silly mapToRegistry uri https://registry.npmjs.org/highcharts
13 verbose request uri https://registry.npmjs.org/highcharts
14 verbose request no auth needed
15 info attempt registry request try #1 at 13:23:28
16 verbose request id ea9a98f7d20ebcaa
17 verbose etag W/"58981bb1-8468"
18 verbose lastModified Mon, 06 Feb 2017 06:46:09 GMT
19 http request GET https://registry.npmjs.org/highcharts
20 http 304 https://registry.npmjs.org/highcharts
21 verbose headers { date: 'Thu, 16 Feb 2017 17:23:37 GMT',
21 verbose headers   via: '1.1 varnish',
21 verbose headers   'cache-control': 'max-age=300',
21 verbose headers   etag: 'W/"58981bb1-8468"',
21 verbose headers   age: '0',
21 verbose headers   connection: 'keep-alive',
21 verbose headers   'x-served-by': 'cache-gru7122-GRU',
21 verbose headers   'x-cache': 'HIT',
21 verbose headers   'x-cache-hits': '1',
21 verbose headers   'x-timer': 'S1487265817.114292,VS0,VE188',
21 verbose headers   vary: 'Accept-Encoding' }
22 silly get cb [ 304,
22 silly get   { date: 'Thu, 16 Feb 2017 17:23:37 GMT',
22 silly get     via: '1.1 varnish',
22 silly get     'cache-control': 'max-age=300',
22 silly get     etag: 'W/"58981bb1-8468"',
22 silly get     age: '0',
22 silly get     connection: 'keep-alive',
22 silly get     'x-served-by': 'cache-gru7122-GRU',
22 silly get     'x-cache': 'HIT',
22 silly get     'x-cache-hits': '1',
22 silly get     'x-timer': 'S1487265817.114292,VS0,VE188',
22 silly get     vary: 'Accept-Encoding' } ]
23 verbose etag https://registry.npmjs.org/highcharts from cache
24 verbose get saving highcharts to C:\Users\PC\AppData\Roaming\npm-cache\registry.npmjs.org\highcharts\.cache.json
25 silly install normalizeTree
26 silly loadCurrentTree Finishing
27 silly loadIdealTree Starting
28 silly install loadIdealTree
29 silly cloneCurrentTree Starting
30 silly install cloneCurrentTreeToIdealTree
31 silly cloneCurrentTree Finishing
32 silly loadShrinkwrap Starting
33 silly install loadShrinkwrap
34 silly loadShrinkwrap Finishing
35 silly loadAllDepsIntoIdealTree Starting
36 silly install loadAllDepsIntoIdealTree
37 silly resolveWithNewModule highcharts@5.0.7 checking installable status
38 silly cache add args [ 'highcharts', null ]
39 verbose cache add spec highcharts
40 silly cache add parsed spec Result {
40 silly cache add   raw: 'highcharts',
40 silly cache add   scope: null,
40 silly cache add   name: 'highcharts',
40 silly cache add   rawSpec: '',
40 silly cache add   spec: '*',
40 silly cache add   type: 'range' }
41 silly addNamed highcharts@*
42 verbose addNamed "*" is a valid semver range for highcharts
43 silly addNameRange { name: 'highcharts', range: '*', hasData: false }
44 silly mapToRegistry name highcharts
45 silly mapToRegistry using default registry
46 silly mapToRegistry registry https://registry.npmjs.org/
47 silly mapToRegistry uri https://registry.npmjs.org/highcharts
48 verbose addNameRange registry:https://registry.npmjs.org/highcharts not in flight; fetching
49 verbose get https://registry.npmjs.org/highcharts not expired, no request
50 silly addNameRange number 2 { name: 'highcharts', range: '*', hasData: true }
51 silly addNameRange versions [ 'highcharts',
51 silly addNameRange   [ '0.0.1',
51 silly addNameRange     '0.0.2',
51 silly addNameRange     '0.0.3',
51 silly addNameRange     '0.0.4',
51 silly addNameRange     '0.0.5',
51 silly addNameRange     '0.0.6',
51 silly addNameRange     '0.0.8',
51 silly addNameRange     '0.0.9',
51 silly addNameRange     '0.0.10',
51 silly addNameRange     '0.0.11',
51 silly addNameRange     '4.1.10',
51 silly addNameRange     '4.2.0',
51 silly addNameRange     '4.2.1',
51 silly addNameRange     '4.2.2',
51 silly addNameRange     '4.2.3',
51 silly addNameRange     '4.2.4',
51 silly addNameRange     '4.2.5',
51 silly addNameRange     '4.2.6',
51 silly addNameRange     '4.2.7',
51 silly addNameRange     '5.0.0',
51 silly addNameRange     '5.0.1',
51 silly addNameRange     '5.0.2',
51 silly addNameRange     '5.0.3',
51 silly addNameRange     '5.0.4',
51 silly addNameRange     '5.0.5',
51 silly addNameRange     '5.0.6',
51 silly addNameRange     '5.0.7' ] ]
52 silly addNamed highcharts@5.0.7
53 verbose addNamed "5.0.7" is a plain semver version for highcharts
54 silly cache afterAdd highcharts@5.0.7
55 verbose afterAdd C:\Users\PC\AppData\Roaming\npm-cache\highcharts\5.0.7\package\package.json not in flight; writing
56 verbose afterAdd C:\Users\PC\AppData\Roaming\npm-cache\highcharts\5.0.7\package\package.json written
57 silly loadAllDepsIntoIdealTree Finishing
58 silly idealTree:prePrune PrimerEjemplo@0.0.0
58 silly idealTree:prePrune ├─┬ body-parser@1.13.3
58 silly idealTree:prePrune │ ├── bytes@2.1.0
58 silly idealTree:prePrune │ ├── content-type@1.0.1
58 silly idealTree:prePrune │ ├── depd@1.0.1
58 silly idealTree:prePrune │ ├─┬ http-errors@1.3.1
58 silly idealTree:prePrune │ │ ├── inherits@2.0.1
58 silly idealTree:prePrune │ │ └── statuses@1.2.1
58 silly idealTree:prePrune │ ├── iconv-lite@0.4.11
58 silly idealTree:prePrune │ ├─┬ on-finished@2.3.0
58 silly idealTree:prePrune │ │ └── ee-first@1.1.1
58 silly idealTree:prePrune │ ├── qs@4.0.0
58 silly idealTree:prePrune │ ├─┬ raw-body@2.1.2
58 silly idealTree:prePrune │ │ └── unpipe@1.0.0
58 silly idealTree:prePrune │ └─┬ type-is@1.6.9
58 silly idealTree:prePrune │   ├── media-typer@0.3.0
58 silly idealTree:prePrune │   └─┬ mime-types@2.1.7
58 silly idealTree:prePrune │     └── mime-db@1.19.0
58 silly idealTree:prePrune ├── chart.js@2.4.0
58 silly idealTree:prePrune ├── chartjs-color-string@0.4.0
58 silly idealTree:prePrune ├── chartjs-color@2.0.0
58 silly idealTree:prePrune ├── color-convert@0.5.3
58 silly idealTree:prePrune ├── color-name@1.1.1
58 silly idealTree:prePrune ├─┬ cookie-parser@1.3.5
58 silly idealTree:prePrune │ ├── cookie-signature@1.0.6
58 silly idealTree:prePrune │ └── cookie@0.1.3
58 silly idealTree:prePrune ├─┬ debug@2.2.0
58 silly idealTree:prePrune │ └── ms@0.7.1
58 silly idealTree:prePrune ├─┬ express@4.13.3
58 silly idealTree:prePrune │ ├─┬ accepts@1.2.13
58 silly idealTree:prePrune │ │ ├─┬ mime-types@2.1.7
58 silly idealTree:prePrune │ │ │ └── mime-db@1.19.0
58 silly idealTree:prePrune │ │ └── negotiator@0.5.3
58 silly idealTree:prePrune │ ├── array-flatten@1.1.1
58 silly idealTree:prePrune │ ├── content-disposition@0.5.0
58 silly idealTree:prePrune │ ├── content-type@1.0.1
58 silly idealTree:prePrune │ ├── cookie-signature@1.0.6
58 silly idealTree:prePrune │ ├── cookie@0.1.3
58 silly idealTree:prePrune │ ├── depd@1.0.1
58 silly idealTree:prePrune │ ├── escape-html@1.0.2
58 silly idealTree:prePrune │ ├── etag@1.7.0
58 silly idealTree:prePrune │ ├─┬ finalhandler@0.4.0
58 silly idealTree:prePrune │ │ └── unpipe@1.0.0
58 silly idealTree:prePrune │ ├── fresh@0.3.0
58 silly idealTree:prePrune │ ├── merge-descriptors@1.0.0
58 silly idealTree:prePrune │ ├── methods@1.1.1
58 silly idealTree:prePrune │ ├─┬ on-finished@2.3.0
58 silly idealTree:prePrune │ │ └── ee-first@1.1.1
58 silly idealTree:prePrune │ ├── parseurl@1.3.0
58 silly idealTree:prePrune │ ├── path-to-regexp@0.1.7
58 silly idealTree:prePrune │ ├─┬ proxy-addr@1.0.8
58 silly idealTree:prePrune │ │ ├── forwarded@0.1.0
58 silly idealTree:prePrune │ │ └── ipaddr.js@1.0.1
58 silly idealTree:prePrune │ ├── qs@4.0.0
58 silly idealTree:prePrune │ ├── range-parser@1.0.3
58 silly idealTree:prePrune │ ├─┬ send@0.13.0
58 silly idealTree:prePrune │ │ ├── destroy@1.0.3
58 silly idealTree:prePrune │ │ ├─┬ http-errors@1.3.1
58 silly idealTree:prePrune │ │ │ └── inherits@2.0.1
58 silly idealTree:prePrune │ │ ├── mime@1.3.4
58 silly idealTree:prePrune │ │ ├── ms@0.7.1
58 silly idealTree:prePrune │ │ └── statuses@1.2.1
58 silly idealTree:prePrune │ ├── serve-static@1.10.0
58 silly idealTree:prePrune │ ├─┬ type-is@1.6.9
58 silly idealTree:prePrune │ │ ├── media-typer@0.3.0
58 silly idealTree:prePrune │ │ └─┬ mime-types@2.1.7
58 silly idealTree:prePrune │ │   └── mime-db@1.19.0
58 silly idealTree:prePrune │ ├── utils-merge@1.0.0
58 silly idealTree:prePrune │ └── vary@1.0.1
58 silly idealTree:prePrune ├── formidable@1.0.17
58 silly idealTree:prePrune ├── fs@0.0.2
58 silly idealTree:prePrune ├── highcharts@5.0.7
58 silly idealTree:prePrune ├─┬ jade@1.11.0
58 silly idealTree:prePrune │ ├── character-parser@1.2.1
58 silly idealTree:prePrune │ ├─┬ clean-css@3.4.1
58 silly idealTree:prePrune │ │ ├─┬ commander@2.8.1
58 silly idealTree:prePrune │ │ │ └── graceful-readlink@1.0.1
58 silly idealTree:prePrune │ │ └─┬ source-map@0.4.4
58 silly idealTree:prePrune │ │   └── amdefine@1.0.0
58 silly idealTree:prePrune │ ├── commander@2.6.0
58 silly idealTree:prePrune │ ├─┬ constantinople@3.0.2
58 silly idealTree:prePrune │ │ └── acorn@2.4.0
58 silly idealTree:prePrune │ ├─┬ jstransformer@0.0.2
58 silly idealTree:prePrune │ │ ├── is-promise@2.0.0
58 silly idealTree:prePrune │ │ └─┬ promise@6.1.0
58 silly idealTree:prePrune │ │   └── asap@1.0.0
58 silly idealTree:prePrune │ ├─┬ mkdirp@0.5.1
58 silly idealTree:prePrune │ │ └── minimist@0.0.8
58 silly idealTree:prePrune │ ├─┬ transformers@2.1.0
58 silly idealTree:prePrune │ │ ├─┬ css@1.0.8
58 silly idealTree:prePrune │ │ │ ├── css-parse@1.0.4
58 silly idealTree:prePrune │ │ │ └── css-stringify@1.0.5
58 silly idealTree:prePrune │ │ ├─┬ promise@2.0.0
58 silly idealTree:prePrune │ │ │ └── is-promise@1.0.1
58 silly idealTree:prePrune │ │ └─┬ uglify-js@2.2.5
58 silly idealTree:prePrune │ │   ├─┬ optimist@0.3.7
58 silly idealTree:prePrune │ │   │ └── wordwrap@0.0.3
58 silly idealTree:prePrune │ │   └─┬ source-map@0.1.43
58 silly idealTree:prePrune │ │     └── amdefine@1.0.0
58 silly idealTree:prePrune │ ├─┬ uglify-js@2.4.24
58 silly idealTree:prePrune │ │ ├── async@0.2.10
58 silly idealTree:prePrune │ │ ├─┬ source-map@0.1.34
58 silly idealTree:prePrune │ │ │ └── amdefine@1.0.0
58 silly idealTree:prePrune │ │ ├── uglify-to-browserify@1.0.2
58 silly idealTree:prePrune │ │ └─┬ yargs@3.5.4
58 silly idealTree:prePrune │ │   ├── camelcase@1.2.1
58 silly idealTree:prePrune │ │   ├── decamelize@1.0.0
58 silly idealTree:prePrune │ │   ├── window-size@0.1.0
58 silly idealTree:prePrune │ │   └── wordwrap@0.0.2
58 silly idealTree:prePrune │ ├── void-elements@2.0.1
58 silly idealTree:prePrune │ └─┬ with@4.0.3
58 silly idealTree:prePrune │   ├─┬ acorn-globals@1.0.5
58 silly idealTree:prePrune │   │ └── acorn@2.4.0
58 silly idealTree:prePrune │   └── acorn@1.2.2
58 silly idealTree:prePrune ├── moment@2.16.0
58 silly idealTree:prePrune ├─┬ morgan@1.6.1
58 silly idealTree:prePrune │ ├── basic-auth@1.0.3
58 silly idealTree:prePrune │ ├── depd@1.0.1
58 silly idealTree:prePrune │ ├─┬ on-finished@2.3.0
58 silly idealTree:prePrune │ │ └── ee-first@1.1.1
58 silly idealTree:prePrune │ └── on-headers@1.0.0
58 silly idealTree:prePrune ├── mysql_orm@1.0.7
58 silly idealTree:prePrune ├─┬ mysql@2.10.1
58 silly idealTree:prePrune │ ├── bignumber.js@2.1.2
58 silly idealTree:prePrune │ └─┬ readable-stream@1.1.13
58 silly idealTree:prePrune │   ├── core-util-is@1.0.2
58 silly idealTree:prePrune │   ├── inherits@2.0.1
58 silly idealTree:prePrune │   ├── isarray@0.0.1
58 silly idealTree:prePrune │   └── string_decoder@0.10.31
58 silly idealTree:prePrune ├─┬ serve-favicon@2.3.0
58 silly idealTree:prePrune │ ├── etag@1.7.0
58 silly idealTree:prePrune │ ├── fresh@0.3.0
58 silly idealTree:prePrune │ ├── ms@0.7.1
58 silly idealTree:prePrune │ └── parseurl@1.3.0
58 silly idealTree:prePrune └─┬ socket.io@1.4.5
58 silly idealTree:prePrune   ├─┬ engine.io@1.6.8
58 silly idealTree:prePrune   │ ├─┬ accepts@1.1.4
58 silly idealTree:prePrune   │ │ ├─┬ mime-types@2.0.14
58 silly idealTree:prePrune   │ │ │ └── mime-db@1.12.0
58 silly idealTree:prePrune   │ │ └── negotiator@0.4.9
58 silly idealTree:prePrune   │ ├── base64id@0.1.0
58 silly idealTree:prePrune   │ ├─┬ engine.io-parser@1.2.4
58 silly idealTree:prePrune   │ │ ├── after@0.8.1
58 silly idealTree:prePrune   │ │ ├── arraybuffer.slice@0.0.6
58 silly idealTree:prePrune   │ │ ├── base64-arraybuffer@0.1.2
58 silly idealTree:prePrune   │ │ ├── blob@0.0.4
58 silly idealTree:prePrune   │ │ ├─┬ has-binary@0.1.6
58 silly idealTree:prePrune   │ │ │ └── isarray@0.0.1
58 silly idealTree:prePrune   │ │ └── utf8@2.1.0
58 silly idealTree:prePrune   │ └─┬ ws@1.0.1
58 silly idealTree:prePrune   │   ├── options@0.0.6
58 silly idealTree:prePrune   │   └── ultron@1.0.2
58 silly idealTree:prePrune   ├─┬ has-binary@0.1.7
58 silly idealTree:prePrune   │ └── isarray@0.0.1
58 silly idealTree:prePrune   ├─┬ socket.io-adapter@0.4.0
58 silly idealTree:prePrune   │ └─┬ socket.io-parser@2.2.2
58 silly idealTree:prePrune   │   ├── benchmark@1.0.0
58 silly idealTree:prePrune   │   ├── component-emitter@1.1.2
58 silly idealTree:prePrune   │   ├── debug@0.7.4
58 silly idealTree:prePrune   │   ├── isarray@0.0.1
58 silly idealTree:prePrune   │   └── json3@3.2.6
58 silly idealTree:prePrune   ├─┬ socket.io-client@1.4.5
58 silly idealTree:prePrune   │ ├── backo2@1.0.2
58 silly idealTree:prePrune   │ ├── component-bind@1.0.0
58 silly idealTree:prePrune   │ ├── component-emitter@1.2.0
58 silly idealTree:prePrune   │ ├─┬ engine.io-client@1.6.8
58 silly idealTree:prePrune   │ │ ├── component-emitter@1.1.2
58 silly idealTree:prePrune   │ │ ├── component-inherit@0.0.3
58 silly idealTree:prePrune   │ │ ├─┬ engine.io-parser@1.2.4
58 silly idealTree:prePrune   │ │ │ ├── after@0.8.1
58 silly idealTree:prePrune   │ │ │ ├── arraybuffer.slice@0.0.6
58 silly idealTree:prePrune   │ │ │ ├── base64-arraybuffer@0.1.2
58 silly idealTree:prePrune   │ │ │ ├── blob@0.0.4
58 silly idealTree:prePrune   │ │ │ ├─┬ has-binary@0.1.6
58 silly idealTree:prePrune   │ │ │ │ └── isarray@0.0.1
58 silly idealTree:prePrune   │ │ │ └── utf8@2.1.0
58 silly idealTree:prePrune   │ │ ├── has-cors@1.1.0
58 silly idealTree:prePrune   │ │ ├─┬ parsejson@0.0.1
58 silly idealTree:prePrune   │ │ │ └─┬ better-assert@1.0.2
58 silly idealTree:prePrune   │ │ │   └── callsite@1.0.0
58 silly idealTree:prePrune   │ │ ├─┬ parseqs@0.0.2
58 silly idealTree:prePrune   │ │ │ └─┬ better-assert@1.0.2
58 silly idealTree:prePrune   │ │ │   └── callsite@1.0.0
58 silly idealTree:prePrune   │ │ ├─┬ ws@1.0.1
58 silly idealTree:prePrune   │ │ │ ├── options@0.0.6
58 silly idealTree:prePrune   │ │ │ └── ultron@1.0.2
58 silly idealTree:prePrune   │ │ ├── xmlhttprequest-ssl@1.5.1
58 silly idealTree:prePrune   │ │ └── yeast@0.1.2
58 silly idealTree:prePrune   │ ├── indexof@0.0.1
58 silly idealTree:prePrune   │ ├── object-component@0.0.3
58 silly idealTree:prePrune   │ ├─┬ parseuri@0.0.4
58 silly idealTree:prePrune   │ │ └─┬ better-assert@1.0.2
58 silly idealTree:prePrune   │ │   └── callsite@1.0.0
58 silly idealTree:prePrune   │ └── to-array@0.1.4
58 silly idealTree:prePrune   └─┬ socket.io-parser@2.2.6
58 silly idealTree:prePrune     ├── benchmark@1.0.0
58 silly idealTree:prePrune     ├── component-emitter@1.1.2
58 silly idealTree:prePrune     ├── isarray@0.0.1
58 silly idealTree:prePrune     └── json3@3.3.2
59 silly loadIdealTree Finishing
60 silly currentTree PrimerEjemplo@0.0.0
60 silly currentTree ├─┬ body-parser@1.13.3
60 silly currentTree │ ├── bytes@2.1.0
60 silly currentTree │ ├── content-type@1.0.1
60 silly currentTree │ ├── depd@1.0.1
60 silly currentTree │ ├─┬ http-errors@1.3.1
60 silly currentTree │ │ ├── inherits@2.0.1
60 silly currentTree │ │ └── statuses@1.2.1
60 silly currentTree │ ├── iconv-lite@0.4.11
60 silly currentTree │ ├─┬ on-finished@2.3.0
60 silly currentTree │ │ └── ee-first@1.1.1
60 silly currentTree │ ├── qs@4.0.0
60 silly currentTree │ ├─┬ raw-body@2.1.2
60 silly currentTree │ │ └── unpipe@1.0.0
60 silly currentTree │ └─┬ type-is@1.6.9
60 silly currentTree │   ├── media-typer@0.3.0
60 silly currentTree │   └─┬ mime-types@2.1.7
60 silly currentTree │     └── mime-db@1.19.0
60 silly currentTree ├── chart.js@2.4.0
60 silly currentTree ├── chartjs-color-string@0.4.0
60 silly currentTree ├── chartjs-color@2.0.0
60 silly currentTree ├── color-convert@0.5.3
60 silly currentTree ├── color-name@1.1.1
60 silly currentTree ├─┬ cookie-parser@1.3.5
60 silly currentTree │ ├── cookie-signature@1.0.6
60 silly currentTree │ └── cookie@0.1.3
60 silly currentTree ├─┬ debug@2.2.0
60 silly currentTree │ └── ms@0.7.1
60 silly currentTree ├─┬ express@4.13.3
60 silly currentTree │ ├─┬ accepts@1.2.13
60 silly currentTree │ │ ├─┬ mime-types@2.1.7
60 silly currentTree │ │ │ └── mime-db@1.19.0
60 silly currentTree │ │ └── negotiator@0.5.3
60 silly currentTree │ ├── array-flatten@1.1.1
60 silly currentTree │ ├── content-disposition@0.5.0
60 silly currentTree │ ├── content-type@1.0.1
60 silly currentTree │ ├── cookie-signature@1.0.6
60 silly currentTree │ ├── cookie@0.1.3
60 silly currentTree │ ├── depd@1.0.1
60 silly currentTree │ ├── escape-html@1.0.2
60 silly currentTree │ ├── etag@1.7.0
60 silly currentTree │ ├─┬ finalhandler@0.4.0
60 silly currentTree │ │ └── unpipe@1.0.0
60 silly currentTree │ ├── fresh@0.3.0
60 silly currentTree │ ├── merge-descriptors@1.0.0
60 silly currentTree │ ├── methods@1.1.1
60 silly currentTree │ ├─┬ on-finished@2.3.0
60 silly currentTree │ │ └── ee-first@1.1.1
60 silly currentTree │ ├── parseurl@1.3.0
60 silly currentTree │ ├── path-to-regexp@0.1.7
60 silly currentTree │ ├─┬ proxy-addr@1.0.8
60 silly currentTree │ │ ├── forwarded@0.1.0
60 silly currentTree │ │ └── ipaddr.js@1.0.1
60 silly currentTree │ ├── qs@4.0.0
60 silly currentTree │ ├── range-parser@1.0.3
60 silly currentTree │ ├─┬ send@0.13.0
60 silly currentTree │ │ ├── destroy@1.0.3
60 silly currentTree │ │ ├─┬ http-errors@1.3.1
60 silly currentTree │ │ │ └── inherits@2.0.1
60 silly currentTree │ │ ├── mime@1.3.4
60 silly currentTree │ │ ├── ms@0.7.1
60 silly currentTree │ │ └── statuses@1.2.1
60 silly currentTree │ ├── serve-static@1.10.0
60 silly currentTree │ ├─┬ type-is@1.6.9
60 silly currentTree │ │ ├── media-typer@0.3.0
60 silly currentTree │ │ └─┬ mime-types@2.1.7
60 silly currentTree │ │   └── mime-db@1.19.0
60 silly currentTree │ ├── utils-merge@1.0.0
60 silly currentTree │ └── vary@1.0.1
60 silly currentTree ├── formidable@1.0.17
60 silly currentTree ├── fs@0.0.2
60 silly currentTree ├─┬ jade@1.11.0
60 silly currentTree │ ├── character-parser@1.2.1
60 silly currentTree │ ├─┬ clean-css@3.4.1
60 silly currentTree │ │ ├─┬ commander@2.8.1
60 silly currentTree │ │ │ └── graceful-readlink@1.0.1
60 silly currentTree │ │ └─┬ source-map@0.4.4
60 silly currentTree │ │   └── amdefine@1.0.0
60 silly currentTree │ ├── commander@2.6.0
60 silly currentTree │ ├─┬ constantinople@3.0.2
60 silly currentTree │ │ └── acorn@2.4.0
60 silly currentTree │ ├─┬ jstransformer@0.0.2
60 silly currentTree │ │ ├── is-promise@2.0.0
60 silly currentTree │ │ └─┬ promise@6.1.0
60 silly currentTree │ │   └── asap@1.0.0
60 silly currentTree │ ├─┬ mkdirp@0.5.1
60 silly currentTree │ │ └── minimist@0.0.8
60 silly currentTree │ ├─┬ transformers@2.1.0
60 silly currentTree │ │ ├─┬ css@1.0.8
60 silly currentTree │ │ │ ├── css-parse@1.0.4
60 silly currentTree │ │ │ └── css-stringify@1.0.5
60 silly currentTree │ │ ├─┬ promise@2.0.0
60 silly currentTree │ │ │ └── is-promise@1.0.1
60 silly currentTree │ │ └─┬ uglify-js@2.2.5
60 silly currentTree │ │   ├─┬ optimist@0.3.7
60 silly currentTree │ │   │ └── wordwrap@0.0.3
60 silly currentTree │ │   └─┬ source-map@0.1.43
60 silly currentTree │ │     └── amdefine@1.0.0
60 silly currentTree │ ├─┬ uglify-js@2.4.24
60 silly currentTree │ │ ├── async@0.2.10
60 silly currentTree │ │ ├─┬ source-map@0.1.34
60 silly currentTree │ │ │ └── amdefine@1.0.0
60 silly currentTree │ │ ├── uglify-to-browserify@1.0.2
60 silly currentTree │ │ └─┬ yargs@3.5.4
60 silly currentTree │ │   ├── camelcase@1.2.1
60 silly currentTree │ │   ├── decamelize@1.0.0
60 silly currentTree │ │   ├── window-size@0.1.0
60 silly currentTree │ │   └── wordwrap@0.0.2
60 silly currentTree │ ├── void-elements@2.0.1
60 silly currentTree │ └─┬ with@4.0.3
60 silly currentTree │   ├─┬ acorn-globals@1.0.5
60 silly currentTree │   │ └── acorn@2.4.0
60 silly currentTree │   └── acorn@1.2.2
60 silly currentTree ├── moment@2.16.0
60 silly currentTree ├─┬ morgan@1.6.1
60 silly currentTree │ ├── basic-auth@1.0.3
60 silly currentTree │ ├── depd@1.0.1
60 silly currentTree │ ├─┬ on-finished@2.3.0
60 silly currentTree │ │ └── ee-first@1.1.1
60 silly currentTree │ └── on-headers@1.0.0
60 silly currentTree ├── mysql_orm@1.0.7
60 silly currentTree ├─┬ mysql@2.10.1
60 silly currentTree │ ├── bignumber.js@2.1.2
60 silly currentTree │ └─┬ readable-stream@1.1.13
60 silly currentTree │   ├── core-util-is@1.0.2
60 silly currentTree │   ├── inherits@2.0.1
60 silly currentTree │   ├── isarray@0.0.1
60 silly currentTree │   └── string_decoder@0.10.31
60 silly currentTree ├─┬ serve-favicon@2.3.0
60 silly currentTree │ ├── etag@1.7.0
60 silly currentTree │ ├── fresh@0.3.0
60 silly currentTree │ ├── ms@0.7.1
60 silly currentTree │ └── parseurl@1.3.0
60 silly currentTree └─┬ socket.io@1.4.5
60 silly currentTree   ├─┬ engine.io@1.6.8
60 silly currentTree   │ ├─┬ accepts@1.1.4
60 silly currentTree   │ │ ├─┬ mime-types@2.0.14
60 silly currentTree   │ │ │ └── mime-db@1.12.0
60 silly currentTree   │ │ └── negotiator@0.4.9
60 silly currentTree   │ ├── base64id@0.1.0
60 silly currentTree   │ ├─┬ engine.io-parser@1.2.4
60 silly currentTree   │ │ ├── after@0.8.1
60 silly currentTree   │ │ ├── arraybuffer.slice@0.0.6
60 silly currentTree   │ │ ├── base64-arraybuffer@0.1.2
60 silly currentTree   │ │ ├── blob@0.0.4
60 silly currentTree   │ │ ├─┬ has-binary@0.1.6
60 silly currentTree   │ │ │ └── isarray@0.0.1
60 silly currentTree   │ │ └── utf8@2.1.0
60 silly currentTree   │ └─┬ ws@1.0.1
60 silly currentTree   │   ├── options@0.0.6
60 silly currentTree   │   └── ultron@1.0.2
60 silly currentTree   ├─┬ has-binary@0.1.7
60 silly currentTree   │ └── isarray@0.0.1
60 silly currentTree   ├─┬ socket.io-adapter@0.4.0
60 silly currentTree   │ └─┬ socket.io-parser@2.2.2
60 silly currentTree   │   ├── benchmark@1.0.0
60 silly currentTree   │   ├── component-emitter@1.1.2
60 silly currentTree   │   ├── debug@0.7.4
60 silly currentTree   │   ├── isarray@0.0.1
60 silly currentTree   │   └── json3@3.2.6
60 silly currentTree   ├─┬ socket.io-client@1.4.5
60 silly currentTree   │ ├── backo2@1.0.2
60 silly currentTree   │ ├── component-bind@1.0.0
60 silly currentTree   │ ├── component-emitter@1.2.0
60 silly currentTree   │ ├─┬ engine.io-client@1.6.8
60 silly currentTree   │ │ ├── component-emitter@1.1.2
60 silly currentTree   │ │ ├── component-inherit@0.0.3
60 silly currentTree   │ │ ├─┬ engine.io-parser@1.2.4
60 silly currentTree   │ │ │ ├── after@0.8.1
60 silly currentTree   │ │ │ ├── arraybuffer.slice@0.0.6
60 silly currentTree   │ │ │ ├── base64-arraybuffer@0.1.2
60 silly currentTree   │ │ │ ├── blob@0.0.4
60 silly currentTree   │ │ │ ├─┬ has-binary@0.1.6
60 silly currentTree   │ │ │ │ └── isarray@0.0.1
60 silly currentTree   │ │ │ └── utf8@2.1.0
60 silly currentTree   │ │ ├── has-cors@1.1.0
60 silly currentTree   │ │ ├─┬ parsejson@0.0.1
60 silly currentTree   │ │ │ └─┬ better-assert@1.0.2
60 silly currentTree   │ │ │   └── callsite@1.0.0
60 silly currentTree   │ │ ├─┬ parseqs@0.0.2
60 silly currentTree   │ │ │ └─┬ better-assert@1.0.2
60 silly currentTree   │ │ │   └── callsite@1.0.0
60 silly currentTree   │ │ ├─┬ ws@1.0.1
60 silly currentTree   │ │ │ ├── options@0.0.6
60 silly currentTree   │ │ │ └── ultron@1.0.2
60 silly currentTree   │ │ ├── xmlhttprequest-ssl@1.5.1
60 silly currentTree   │ │ └── yeast@0.1.2
60 silly currentTree   │ ├── indexof@0.0.1
60 silly currentTree   │ ├── object-component@0.0.3
60 silly currentTree   │ ├─┬ parseuri@0.0.4
60 silly currentTree   │ │ └─┬ better-assert@1.0.2
60 silly currentTree   │ │   └── callsite@1.0.0
60 silly currentTree   │ └── to-array@0.1.4
60 silly currentTree   └─┬ socket.io-parser@2.2.6
60 silly currentTree     ├── benchmark@1.0.0
60 silly currentTree     ├── component-emitter@1.1.2
60 silly currentTree     ├── isarray@0.0.1
60 silly currentTree     └── json3@3.3.2
61 silly idealTree PrimerEjemplo@0.0.0
61 silly idealTree ├─┬ body-parser@1.13.3
61 silly idealTree │ ├── bytes@2.1.0
61 silly idealTree │ ├── content-type@1.0.1
61 silly idealTree │ ├── depd@1.0.1
61 silly idealTree │ ├─┬ http-errors@1.3.1
61 silly idealTree │ │ ├── inherits@2.0.1
61 silly idealTree │ │ └── statuses@1.2.1
61 silly idealTree │ ├── iconv-lite@0.4.11
61 silly idealTree │ ├─┬ on-finished@2.3.0
61 silly idealTree │ │ └── ee-first@1.1.1
61 silly idealTree │ ├── qs@4.0.0
61 silly idealTree │ ├─┬ raw-body@2.1.2
61 silly idealTree │ │ └── unpipe@1.0.0
61 silly idealTree │ └─┬ type-is@1.6.9
61 silly idealTree │   ├── media-typer@0.3.0
61 silly idealTree │   └─┬ mime-types@2.1.7
61 silly idealTree │     └── mime-db@1.19.0
61 silly idealTree ├── chart.js@2.4.0
61 silly idealTree ├── chartjs-color-string@0.4.0
61 silly idealTree ├── chartjs-color@2.0.0
61 silly idealTree ├── color-convert@0.5.3
61 silly idealTree ├── color-name@1.1.1
61 silly idealTree ├─┬ cookie-parser@1.3.5
61 silly idealTree │ ├── cookie-signature@1.0.6
61 silly idealTree │ └── cookie@0.1.3
61 silly idealTree ├─┬ debug@2.2.0
61 silly idealTree │ └── ms@0.7.1
61 silly idealTree ├─┬ express@4.13.3
61 silly idealTree │ ├─┬ accepts@1.2.13
61 silly idealTree │ │ ├─┬ mime-types@2.1.7
61 silly idealTree │ │ │ └── mime-db@1.19.0
61 silly idealTree │ │ └── negotiator@0.5.3
61 silly idealTree │ ├── array-flatten@1.1.1
61 silly idealTree │ ├── content-disposition@0.5.0
61 silly idealTree │ ├── content-type@1.0.1
61 silly idealTree │ ├── cookie-signature@1.0.6
61 silly idealTree │ ├── cookie@0.1.3
61 silly idealTree │ ├── depd@1.0.1
61 silly idealTree │ ├── escape-html@1.0.2
61 silly idealTree │ ├── etag@1.7.0
61 silly idealTree │ ├─┬ finalhandler@0.4.0
61 silly idealTree │ │ └── unpipe@1.0.0
61 silly idealTree │ ├── fresh@0.3.0
61 silly idealTree │ ├── merge-descriptors@1.0.0
61 silly idealTree │ ├── methods@1.1.1
61 silly idealTree │ ├─┬ on-finished@2.3.0
61 silly idealTree │ │ └── ee-first@1.1.1
61 silly idealTree │ ├── parseurl@1.3.0
61 silly idealTree │ ├── path-to-regexp@0.1.7
61 silly idealTree │ ├─┬ proxy-addr@1.0.8
61 silly idealTree │ │ ├── forwarded@0.1.0
61 silly idealTree │ │ └── ipaddr.js@1.0.1
61 silly idealTree │ ├── qs@4.0.0
61 silly idealTree │ ├── range-parser@1.0.3
61 silly idealTree │ ├─┬ send@0.13.0
61 silly idealTree │ │ ├── destroy@1.0.3
61 silly idealTree │ │ ├─┬ http-errors@1.3.1
61 silly idealTree │ │ │ └── inherits@2.0.1
61 silly idealTree │ │ ├── mime@1.3.4
61 silly idealTree │ │ ├── ms@0.7.1
61 silly idealTree │ │ └── statuses@1.2.1
61 silly idealTree │ ├── serve-static@1.10.0
61 silly idealTree │ ├─┬ type-is@1.6.9
61 silly idealTree │ │ ├── media-typer@0.3.0
61 silly idealTree │ │ └─┬ mime-types@2.1.7
61 silly idealTree │ │   └── mime-db@1.19.0
61 silly idealTree │ ├── utils-merge@1.0.0
61 silly idealTree │ └── vary@1.0.1
61 silly idealTree ├── formidable@1.0.17
61 silly idealTree ├── fs@0.0.2
61 silly idealTree ├── highcharts@5.0.7
61 silly idealTree ├─┬ jade@1.11.0
61 silly idealTree │ ├── character-parser@1.2.1
61 silly idealTree │ ├─┬ clean-css@3.4.1
61 silly idealTree │ │ ├─┬ commander@2.8.1
61 silly idealTree │ │ │ └── graceful-readlink@1.0.1
61 silly idealTree │ │ └─┬ source-map@0.4.4
61 silly idealTree │ │   └── amdefine@1.0.0
61 silly idealTree │ ├── commander@2.6.0
61 silly idealTree │ ├─┬ constantinople@3.0.2
61 silly idealTree │ │ └── acorn@2.4.0
61 silly idealTree │ ├─┬ jstransformer@0.0.2
61 silly idealTree │ │ ├── is-promise@2.0.0
61 silly idealTree │ │ └─┬ promise@6.1.0
61 silly idealTree │ │   └── asap@1.0.0
61 silly idealTree │ ├─┬ mkdirp@0.5.1
61 silly idealTree │ │ └── minimist@0.0.8
61 silly idealTree │ ├─┬ transformers@2.1.0
61 silly idealTree │ │ ├─┬ css@1.0.8
61 silly idealTree │ │ │ ├── css-parse@1.0.4
61 silly idealTree │ │ │ └── css-stringify@1.0.5
61 silly idealTree │ │ ├─┬ promise@2.0.0
61 silly idealTree │ │ │ └── is-promise@1.0.1
61 silly idealTree │ │ └─┬ uglify-js@2.2.5
61 silly idealTree │ │   ├─┬ optimist@0.3.7
61 silly idealTree │ │   │ └── wordwrap@0.0.3
61 silly idealTree │ │   └─┬ source-map@0.1.43
61 silly idealTree │ │     └── amdefine@1.0.0
61 silly idealTree │ ├─┬ uglify-js@2.4.24
61 silly idealTree │ │ ├── async@0.2.10
61 silly idealTree │ │ ├─┬ source-map@0.1.34
61 silly idealTree │ │ │ └── amdefine@1.0.0
61 silly idealTree │ │ ├── uglify-to-browserify@1.0.2
61 silly idealTree │ │ └─┬ yargs@3.5.4
61 silly idealTree │ │   ├── camelcase@1.2.1
61 silly idealTree │ │   ├── decamelize@1.0.0
61 silly idealTree │ │   ├── window-size@0.1.0
61 silly idealTree │ │   └── wordwrap@0.0.2
61 silly idealTree │ ├── void-elements@2.0.1
61 silly idealTree │ └─┬ with@4.0.3
61 silly idealTree │   ├─┬ acorn-globals@1.0.5
61 silly idealTree │   │ └── acorn@2.4.0
61 silly idealTree │   └── acorn@1.2.2
61 silly idealTree ├── moment@2.16.0
61 silly idealTree ├─┬ morgan@1.6.1
61 silly idealTree │ ├── basic-auth@1.0.3
61 silly idealTree │ ├── depd@1.0.1
61 silly idealTree │ ├─┬ on-finished@2.3.0
61 silly idealTree │ │ └── ee-first@1.1.1
61 silly idealTree │ └── on-headers@1.0.0
61 silly idealTree ├── mysql_orm@1.0.7
61 silly idealTree ├─┬ mysql@2.10.1
61 silly idealTree │ ├── bignumber.js@2.1.2
61 silly idealTree │ └─┬ readable-stream@1.1.13
61 silly idealTree │   ├── core-util-is@1.0.2
61 silly idealTree │   ├── inherits@2.0.1
61 silly idealTree │   ├── isarray@0.0.1
61 silly idealTree │   └── string_decoder@0.10.31
61 silly idealTree ├─┬ serve-favicon@2.3.0
61 silly idealTree │ ├── etag@1.7.0
61 silly idealTree │ ├── fresh@0.3.0
61 silly idealTree │ ├── ms@0.7.1
61 silly idealTree │ └── parseurl@1.3.0
61 silly idealTree └─┬ socket.io@1.4.5
61 silly idealTree   ├─┬ engine.io@1.6.8
61 silly idealTree   │ ├─┬ accepts@1.1.4
61 silly idealTree   │ │ ├─┬ mime-types@2.0.14
61 silly idealTree   │ │ │ └── mime-db@1.12.0
61 silly idealTree   │ │ └── negotiator@0.4.9
61 silly idealTree   │ ├── base64id@0.1.0
61 silly idealTree   │ ├─┬ engine.io-parser@1.2.4
61 silly idealTree   │ │ ├── after@0.8.1
61 silly idealTree   │ │ ├── arraybuffer.slice@0.0.6
61 silly idealTree   │ │ ├── base64-arraybuffer@0.1.2
61 silly idealTree   │ │ ├── blob@0.0.4
61 silly idealTree   │ │ ├─┬ has-binary@0.1.6
61 silly idealTree   │ │ │ └── isarray@0.0.1
61 silly idealTree   │ │ └── utf8@2.1.0
61 silly idealTree   │ └─┬ ws@1.0.1
61 silly idealTree   │   ├── options@0.0.6
61 silly idealTree   │   └── ultron@1.0.2
61 silly idealTree   ├─┬ has-binary@0.1.7
61 silly idealTree   │ └── isarray@0.0.1
61 silly idealTree   ├─┬ socket.io-adapter@0.4.0
61 silly idealTree   │ └─┬ socket.io-parser@2.2.2
61 silly idealTree   │   ├── benchmark@1.0.0
61 silly idealTree   │   ├── component-emitter@1.1.2
61 silly idealTree   │   ├── debug@0.7.4
61 silly idealTree   │   ├── isarray@0.0.1
61 silly idealTree   │   └── json3@3.2.6
61 silly idealTree   ├─┬ socket.io-client@1.4.5
61 silly idealTree   │ ├── backo2@1.0.2
61 silly idealTree   │ ├── component-bind@1.0.0
61 silly idealTree   │ ├── component-emitter@1.2.0
61 silly idealTree   │ ├─┬ engine.io-client@1.6.8
61 silly idealTree   │ │ ├── component-emitter@1.1.2
61 silly idealTree   │ │ ├── component-inherit@0.0.3
61 silly idealTree   │ │ ├─┬ engine.io-parser@1.2.4
61 silly idealTree   │ │ │ ├── after@0.8.1
61 silly idealTree   │ │ │ ├── arraybuffer.slice@0.0.6
61 silly idealTree   │ │ │ ├── base64-arraybuffer@0.1.2
61 silly idealTree   │ │ │ ├── blob@0.0.4
61 silly idealTree   │ │ │ ├─┬ has-binary@0.1.6
61 silly idealTree   │ │ │ │ └── isarray@0.0.1
61 silly idealTree   │ │ │ └── utf8@2.1.0
61 silly idealTree   │ │ ├── has-cors@1.1.0
61 silly idealTree   │ │ ├─┬ parsejson@0.0.1
61 silly idealTree   │ │ │ └─┬ better-assert@1.0.2
61 silly idealTree   │ │ │   └── callsite@1.0.0
61 silly idealTree   │ │ ├─┬ parseqs@0.0.2
61 silly idealTree   │ │ │ └─┬ better-assert@1.0.2
61 silly idealTree   │ │ │   └── callsite@1.0.0
61 silly idealTree   │ │ ├─┬ ws@1.0.1
61 silly idealTree   │ │ │ ├── options@0.0.6
61 silly idealTree   │ │ │ └── ultron@1.0.2
61 silly idealTree   │ │ ├── xmlhttprequest-ssl@1.5.1
61 silly idealTree   │ │ └── yeast@0.1.2
61 silly idealTree   │ ├── indexof@0.0.1
61 silly idealTree   │ ├── object-component@0.0.3
61 silly idealTree   │ ├─┬ parseuri@0.0.4
61 silly idealTree   │ │ └─┬ better-assert@1.0.2
61 silly idealTree   │ │   └── callsite@1.0.0
61 silly idealTree   │ └── to-array@0.1.4
61 silly idealTree   └─┬ socket.io-parser@2.2.6
61 silly idealTree     ├── benchmark@1.0.0
61 silly idealTree     ├── component-emitter@1.1.2
61 silly idealTree     ├── isarray@0.0.1
61 silly idealTree     └── json3@3.3.2
62 silly generateActionsToTake Starting
63 silly install generateActionsToTake
64 silly generateActionsToTake Finishing
65 silly diffTrees action count 1
66 silly diffTrees add highcharts@5.0.7
67 silly decomposeActions action count 8
68 silly decomposeActions fetch highcharts@5.0.7
69 silly decomposeActions extract highcharts@5.0.7
70 silly decomposeActions preinstall highcharts@5.0.7
71 silly decomposeActions build highcharts@5.0.7
72 silly decomposeActions install highcharts@5.0.7
73 silly decomposeActions postinstall highcharts@5.0.7
74 silly decomposeActions test highcharts@5.0.7
75 silly decomposeActions finalize highcharts@5.0.7
76 silly executeActions Starting
77 silly install executeActions
78 silly doSerial global-install 0
79 silly doParallel fetch 1
80 verbose lock using C:\Users\PC\AppData\Roaming\npm-cache\_locks\staging-2dd991afa45fae50.lock for D:\SubsistemaProyecto\node_modules\.staging
81 silly doParallel extract 1
82 silly extract highcharts@5.0.7
83 verbose unbuild node_modules\.staging\highcharts-52d9adac8b7bd36578420884f2a7c49c
84 silly gentlyRm D:\SubsistemaProyecto\node_modules\.staging\highcharts-52d9adac8b7bd36578420884f2a7c49c is being purged from base D:\SubsistemaProyecto
85 verbose gentlyRm don't care about contents; nuking D:\SubsistemaProyecto\node_modules\.staging\highcharts-52d9adac8b7bd36578420884f2a7c49c
86 verbose tar unpack C:\Users\PC\AppData\Roaming\npm-cache\highcharts\5.0.7\package.tgz
87 verbose tar unpacking to D:\SubsistemaProyecto\node_modules\.staging\highcharts-52d9adac8b7bd36578420884f2a7c49c
88 silly gentlyRm D:\SubsistemaProyecto\node_modules\.staging\highcharts-52d9adac8b7bd36578420884f2a7c49c is being purged
89 verbose gentlyRm don't care about contents; nuking D:\SubsistemaProyecto\node_modules\.staging\highcharts-52d9adac8b7bd36578420884f2a7c49c
90 silly gunzTarPerm modes [ '777', '666' ]
91 silly gunzTarPerm extractEntry package.json
92 silly gunzTarPerm modified mode [ 'package.json', 420, 438 ]
93 silly gunzTarPerm extractEntry .npmignore
94 silly gunzTarPerm modified mode [ '.npmignore', 420, 438 ]
95 silly gunzTarPerm extractEntry README.md
96 silly gunzTarPerm modified mode [ 'README.md', 420, 438 ]
97 silly gunzTarPerm extractEntry highstock.src.js
98 silly gunzTarPerm modified mode [ 'highstock.src.js', 420, 438 ]
99 silly gunzTarPerm extractEntry highstock.js
100 silly gunzTarPerm modified mode [ 'highstock.js', 420, 438 ]
101 silly gunzTarPerm extractEntry highcharts-3d.js
102 silly gunzTarPerm modified mode [ 'highcharts-3d.js', 420, 438 ]
103 silly gunzTarPerm extractEntry highcharts-3d.src.js
104 silly gunzTarPerm modified mode [ 'highcharts-3d.src.js', 420, 438 ]
105 silly gunzTarPerm extractEntry highcharts-more.src.js
106 silly gunzTarPerm modified mode [ 'highcharts-more.src.js', 420, 438 ]
107 silly gunzTarPerm extractEntry highcharts.js
108 silly gunzTarPerm modified mode [ 'highcharts.js', 420, 438 ]
109 silly gunzTarPerm extractEntry highmaps.js
110 silly gunzTarPerm modified mode [ 'highmaps.js', 420, 438 ]
111 silly gunzTarPerm extractEntry highmaps.src.js
112 silly gunzTarPerm modified mode [ 'highmaps.src.js', 420, 438 ]
113 silly gunzTarPerm extractEntry highcharts-more.js
114 silly gunzTarPerm modified mode [ 'highcharts-more.js', 420, 438 ]
115 silly gunzTarPerm extractEntry highcharts.src.js
116 silly gunzTarPerm modified mode [ 'highcharts.src.js', 420, 438 ]
117 silly gunzTarPerm extractEntry css/highcharts.css
118 silly gunzTarPerm modified mode [ 'css/highcharts.css', 420, 438 ]
119 silly gunzTarPerm extractEntry bower.json
120 silly gunzTarPerm modified mode [ 'bower.json', 420, 438 ]
121 silly gunzTarPerm extractEntry js/highcharts-3d.js
122 silly gunzTarPerm modified mode [ 'js/highcharts-3d.js', 420, 438 ]
123 silly gunzTarPerm extractEntry js/highcharts-more.js
124 silly gunzTarPerm modified mode [ 'js/highcharts-more.js', 420, 438 ]
125 silly gunzTarPerm extractEntry js/highcharts-more.src.js
126 silly gunzTarPerm modified mode [ 'js/highcharts-more.src.js', 420, 438 ]
127 silly gunzTarPerm extractEntry js/highcharts.js
128 silly gunzTarPerm modified mode [ 'js/highcharts.js', 420, 438 ]
129 silly gunzTarPerm extractEntry js/highcharts.src.js
130 silly gunzTarPerm modified mode [ 'js/highcharts.src.js', 420, 438 ]
131 silly gunzTarPerm extractEntry js/highcharts-3d.src.js
132 silly gunzTarPerm modified mode [ 'js/highcharts-3d.src.js', 420, 438 ]
133 silly gunzTarPerm extractEntry js/highmaps.src.js
134 silly gunzTarPerm modified mode [ 'js/highmaps.src.js', 420, 438 ]
135 silly gunzTarPerm extractEntry js/highstock.js
136 silly gunzTarPerm modified mode [ 'js/highstock.js', 420, 438 ]
137 silly gunzTarPerm extractEntry js/highstock.src.js
138 silly gunzTarPerm modified mode [ 'js/highstock.src.js', 420, 438 ]
139 silly gunzTarPerm extractEntry js/highmaps.js
140 silly gunzTarPerm modified mode [ 'js/highmaps.js', 420, 438 ]
141 silly gunzTarPerm extractEntry js/modules/accessibility.js
142 silly gunzTarPerm modified mode [ 'js/modules/accessibility.js', 420, 438 ]
143 silly gunzTarPerm extractEntry js/modules/gantt.js
144 silly gunzTarPerm modified mode [ 'js/modules/gantt.js', 420, 438 ]
145 silly gunzTarPerm extractEntry js/modules/gantt.src.js
146 silly gunzTarPerm modified mode [ 'js/modules/gantt.src.js', 420, 438 ]
147 silly gunzTarPerm extractEntry js/modules/grid-axis.js
148 silly gunzTarPerm modified mode [ 'js/modules/grid-axis.js', 420, 438 ]
149 silly gunzTarPerm extractEntry js/modules/grid-axis.src.js
150 silly gunzTarPerm modified mode [ 'js/modules/grid-axis.src.js', 420, 438 ]
151 silly gunzTarPerm extractEntry js/modules/funnel.src.js
152 silly gunzTarPerm modified mode [ 'js/modules/funnel.src.js', 420, 438 ]
153 silly gunzTarPerm extractEntry js/modules/heatmap.src.js
154 silly gunzTarPerm modified mode [ 'js/modules/heatmap.src.js', 420, 438 ]
155 silly gunzTarPerm extractEntry js/modules/map.js
156 silly gunzTarPerm modified mode [ 'js/modules/map.js', 420, 438 ]
157 silly gunzTarPerm extractEntry js/modules/map.src.js
158 silly gunzTarPerm modified mode [ 'js/modules/map.src.js', 420, 438 ]
159 silly gunzTarPerm extractEntry js/modules/no-data-to-display.js
160 silly gunzTarPerm modified mode [ 'js/modules/no-data-to-display.js', 420, 438 ]
161 silly gunzTarPerm extractEntry js/modules/no-data-to-display.src.js
162 silly gunzTarPerm modified mode [ 'js/modules/no-data-to-display.src.js', 420, 438 ]
163 silly gunzTarPerm extractEntry js/modules/funnel.js
164 silly gunzTarPerm modified mode [ 'js/modules/funnel.js', 420, 438 ]
165 silly gunzTarPerm extractEntry js/modules/offline-exporting.js
166 silly gunzTarPerm modified mode [ 'js/modules/offline-exporting.js', 420, 438 ]
167 silly gunzTarPerm extractEntry js/modules/exporting.src.js
168 silly gunzTarPerm modified mode [ 'js/modules/exporting.src.js', 420, 438 ]
169 silly gunzTarPerm extractEntry js/modules/offline-exporting.src.js
170 silly gunzTarPerm modified mode [ 'js/modules/offline-exporting.src.js', 420, 438 ]
171 silly gunzTarPerm extractEntry js/modules/exporting.js
172 silly gunzTarPerm modified mode [ 'js/modules/exporting.js', 420, 438 ]
173 silly gunzTarPerm extractEntry js/modules/overlapping-datalabels.js
174 silly gunzTarPerm modified mode [ 'js/modules/overlapping-datalabels.js', 420, 438 ]
175 silly gunzTarPerm extractEntry js/modules/drilldown.src.js
176 silly gunzTarPerm modified mode [ 'js/modules/drilldown.src.js', 420, 438 ]
177 silly gunzTarPerm extractEntry js/modules/overlapping-datalabels.src.js
178 silly gunzTarPerm modified mode [ 'js/modules/overlapping-datalabels.src.js', 420, 438 ]
179 silly gunzTarPerm extractEntry js/modules/drilldown.js
180 silly gunzTarPerm modified mode [ 'js/modules/drilldown.js', 420, 438 ]
181 silly gunzTarPerm extractEntry js/modules/series-label.js
182 silly gunzTarPerm modified mode [ 'js/modules/series-label.js', 420, 438 ]
183 silly gunzTarPerm extractEntry js/modules/data.src.js
184 silly gunzTarPerm modified mode [ 'js/modules/data.src.js', 420, 438 ]
185 silly gunzTarPerm extractEntry js/modules/series-label.src.js
186 silly gunzTarPerm modified mode [ 'js/modules/series-label.src.js', 420, 438 ]
187 silly gunzTarPerm extractEntry js/modules/data.js
188 silly gunzTarPerm modified mode [ 'js/modules/data.js', 420, 438 ]
189 silly gunzTarPerm extractEntry js/modules/solid-gauge.js
190 silly gunzTarPerm modified mode [ 'js/modules/solid-gauge.js', 420, 438 ]
191 silly gunzTarPerm extractEntry js/modules/broken-axis.src.js
192 silly gunzTarPerm modified mode [ 'js/modules/broken-axis.src.js', 420, 438 ]
193 silly gunzTarPerm extractEntry js/modules/solid-gauge.src.js
194 silly gunzTarPerm modified mode [ 'js/modules/solid-gauge.src.js', 420, 438 ]
195 silly gunzTarPerm extractEntry js/modules/broken-axis.js
196 silly gunzTarPerm modified mode [ 'js/modules/broken-axis.js', 420, 438 ]
197 silly gunzTarPerm extractEntry js/modules/stock.js
198 silly gunzTarPerm modified mode [ 'js/modules/stock.js', 420, 438 ]
199 silly gunzTarPerm extractEntry js/modules/boost.src.js
200 silly gunzTarPerm modified mode [ 'js/modules/boost.src.js', 420, 438 ]
201 silly gunzTarPerm extractEntry js/modules/stock.src.js
202 silly gunzTarPerm modified mode [ 'js/modules/stock.src.js', 420, 438 ]
203 silly gunzTarPerm extractEntry js/modules/boost.js
204 silly gunzTarPerm modified mode [ 'js/modules/boost.js', 420, 438 ]
205 silly gunzTarPerm extractEntry js/modules/treemap.js
206 silly gunzTarPerm modified mode [ 'js/modules/treemap.js', 420, 438 ]
207 silly gunzTarPerm extractEntry js/modules/annotations.src.js
208 silly gunzTarPerm modified mode [ 'js/modules/annotations.src.js', 420, 438 ]
209 silly gunzTarPerm extractEntry js/modules/treemap.src.js
210 silly gunzTarPerm modified mode [ 'js/modules/treemap.src.js', 420, 438 ]
211 silly gunzTarPerm extractEntry js/modules/annotations.js
212 silly gunzTarPerm modified mode [ 'js/modules/annotations.js', 420, 438 ]
213 silly gunzTarPerm extractEntry js/modules/xrange-series.js
214 silly gunzTarPerm modified mode [ 'js/modules/xrange-series.js', 420, 438 ]
215 silly gunzTarPerm extractEntry js/modules/accessibility.src.js
216 silly gunzTarPerm modified mode [ 'js/modules/accessibility.src.js', 420, 438 ]
217 silly gunzTarPerm extractEntry js/modules/xrange-series.src.js
218 silly gunzTarPerm modified mode [ 'js/modules/xrange-series.src.js', 420, 438 ]
219 silly gunzTarPerm extractEntry js/modules/heatmap.js
220 silly gunzTarPerm modified mode [ 'js/modules/heatmap.js', 420, 438 ]
221 silly gunzTarPerm extractEntry js/themes/dark-blue.js
222 silly gunzTarPerm modified mode [ 'js/themes/dark-blue.js', 420, 438 ]
223 silly gunzTarPerm extractEntry js/themes/dark-green.js
224 silly gunzTarPerm modified mode [ 'js/themes/dark-green.js', 420, 438 ]
225 silly gunzTarPerm extractEntry js/themes/dark-unica.js
226 silly gunzTarPerm modified mode [ 'js/themes/dark-unica.js', 420, 438 ]
227 silly gunzTarPerm extractEntry js/themes/gray.js
228 silly gunzTarPerm modified mode [ 'js/themes/gray.js', 420, 438 ]
229 silly gunzTarPerm extractEntry js/themes/grid-light.js
230 silly gunzTarPerm modified mode [ 'js/themes/grid-light.js', 420, 438 ]
231 silly gunzTarPerm extractEntry js/themes/grid.js
232 silly gunzTarPerm modified mode [ 'js/themes/grid.js', 420, 438 ]
233 silly gunzTarPerm extractEntry js/themes/sand-signika.js
234 silly gunzTarPerm modified mode [ 'js/themes/sand-signika.js', 420, 438 ]
235 silly gunzTarPerm extractEntry js/themes/skies.js
236 silly gunzTarPerm modified mode [ 'js/themes/skies.js', 420, 438 ]
237 silly gunzTarPerm extractEntry lib/canvg.js
238 silly gunzTarPerm modified mode [ 'lib/canvg.js', 420, 438 ]
239 silly gunzTarPerm extractEntry lib/canvg.src.js
240 silly gunzTarPerm modified mode [ 'lib/canvg.src.js', 420, 438 ]
241 silly gunzTarPerm extractEntry lib/jspdf.js
242 silly gunzTarPerm modified mode [ 'lib/jspdf.js', 420, 438 ]
243 silly gunzTarPerm extractEntry lib/jspdf.src.js
244 silly gunzTarPerm modified mode [ 'lib/jspdf.src.js', 420, 438 ]
245 silly gunzTarPerm extractEntry lib/rgbcolor.js
246 silly gunzTarPerm modified mode [ 'lib/rgbcolor.js', 420, 438 ]
247 silly gunzTarPerm extractEntry lib/rgbcolor.src.js
248 silly gunzTarPerm modified mode [ 'lib/rgbcolor.src.js', 420, 438 ]
249 silly gunzTarPerm extractEntry lib/svg2pdf.js
250 silly gunzTarPerm modified mode [ 'lib/svg2pdf.js', 420, 438 ]
251 silly gunzTarPerm extractEntry lib/svg2pdf.src.js
252 silly gunzTarPerm modified mode [ 'lib/svg2pdf.src.js', 420, 438 ]
253 silly gunzTarPerm extractEntry modules/accessibility.js
254 silly gunzTarPerm modified mode [ 'modules/accessibility.js', 420, 438 ]
255 silly gunzTarPerm extractEntry modules/funnel.src.js
256 silly gunzTarPerm modified mode [ 'modules/funnel.src.js', 420, 438 ]
257 silly gunzTarPerm extractEntry modules/gantt.js
258 silly gunzTarPerm modified mode [ 'modules/gantt.js', 420, 438 ]
259 silly gunzTarPerm extractEntry modules/gantt.src.js
260 silly gunzTarPerm modified mode [ 'modules/gantt.src.js', 420, 438 ]
261 silly gunzTarPerm extractEntry modules/grid-axis.js
262 silly gunzTarPerm modified mode [ 'modules/grid-axis.js', 420, 438 ]
263 silly gunzTarPerm extractEntry modules/funnel.js
264 silly gunzTarPerm modified mode [ 'modules/funnel.js', 420, 438 ]
265 silly gunzTarPerm extractEntry modules/heatmap.js
266 silly gunzTarPerm modified mode [ 'modules/heatmap.js', 420, 438 ]
267 silly gunzTarPerm extractEntry modules/heatmap.src.js
268 silly gunzTarPerm modified mode [ 'modules/heatmap.src.js', 420, 438 ]
269 silly gunzTarPerm extractEntry modules/map.js
270 silly gunzTarPerm modified mode [ 'modules/map.js', 420, 438 ]
271 silly gunzTarPerm extractEntry modules/map.src.js
272 silly gunzTarPerm modified mode [ 'modules/map.src.js', 420, 438 ]
273 silly gunzTarPerm extractEntry modules/no-data-to-display.js
274 silly gunzTarPerm modified mode [ 'modules/no-data-to-display.js', 420, 438 ]
275 silly gunzTarPerm extractEntry modules/exporting.src.js
276 silly gunzTarPerm modified mode [ 'modules/exporting.src.js', 420, 438 ]
277 silly gunzTarPerm extractEntry modules/no-data-to-display.src.js
278 silly gunzTarPerm modified mode [ 'modules/no-data-to-display.src.js', 420, 438 ]
279 silly gunzTarPerm extractEntry modules/exporting.js
280 silly gunzTarPerm modified mode [ 'modules/exporting.js', 420, 438 ]
281 silly gunzTarPerm extractEntry modules/offline-exporting.js
282 silly gunzTarPerm modified mode [ 'modules/offline-exporting.js', 420, 438 ]
283 silly gunzTarPerm extractEntry modules/drilldown.src.js
284 silly gunzTarPerm modified mode [ 'modules/drilldown.src.js', 420, 438 ]
285 silly gunzTarPerm extractEntry modules/offline-exporting.src.js
286 silly gunzTarPerm modified mode [ 'modules/offline-exporting.src.js', 420, 438 ]
287 silly gunzTarPerm extractEntry modules/drilldown.js
288 silly gunzTarPerm modified mode [ 'modules/drilldown.js', 420, 438 ]
289 silly gunzTarPerm extractEntry modules/overlapping-datalabels.js
290 silly gunzTarPerm modified mode [ 'modules/overlapping-datalabels.js', 420, 438 ]
291 silly gunzTarPerm extractEntry modules/data.src.js
292 silly gunzTarPerm modified mode [ 'modules/data.src.js', 420, 438 ]
293 silly gunzTarPerm extractEntry modules/overlapping-datalabels.src.js
294 silly gunzTarPerm modified mode [ 'modules/overlapping-datalabels.src.js', 420, 438 ]
295 silly gunzTarPerm extractEntry modules/data.js
296 silly gunzTarPerm modified mode [ 'modules/data.js', 420, 438 ]
297 silly gunzTarPerm extractEntry modules/series-label.js
298 silly gunzTarPerm modified mode [ 'modules/series-label.js', 420, 438 ]
299 silly gunzTarPerm extractEntry modules/canvas-tools.src.js
300 silly gunzTarPerm modified mode [ 'modules/canvas-tools.src.js', 420, 438 ]
301 silly gunzTarPerm extractEntry modules/series-label.src.js
302 silly gunzTarPerm modified mode [ 'modules/series-label.src.js', 420, 438 ]
303 silly gunzTarPerm extractEntry modules/canvas-tools.js
304 silly gunzTarPerm modified mode [ 'modules/canvas-tools.js', 420, 438 ]
305 silly gunzTarPerm extractEntry modules/solid-gauge.js
306 silly gunzTarPerm modified mode [ 'modules/solid-gauge.js', 420, 438 ]
307 silly gunzTarPerm extractEntry modules/broken-axis.src.js
308 silly gunzTarPerm modified mode [ 'modules/broken-axis.src.js', 420, 438 ]
309 silly gunzTarPerm extractEntry modules/solid-gauge.src.js
310 silly gunzTarPerm modified mode [ 'modules/solid-gauge.src.js', 420, 438 ]
311 silly gunzTarPerm extractEntry modules/broken-axis.js
312 silly gunzTarPerm modified mode [ 'modules/broken-axis.js', 420, 438 ]
313 silly gunzTarPerm extractEntry modules/stock.js
314 silly gunzTarPerm modified mode [ 'modules/stock.js', 420, 438 ]
315 silly gunzTarPerm extractEntry modules/boost.src.js
316 silly gunzTarPerm modified mode [ 'modules/boost.src.js', 420, 438 ]
317 silly gunzTarPerm extractEntry modules/stock.src.js
318 silly gunzTarPerm modified mode [ 'modules/stock.src.js', 420, 438 ]
319 silly gunzTarPerm extractEntry modules/boost.js
320 silly gunzTarPerm modified mode [ 'modules/boost.js', 420, 438 ]
321 silly gunzTarPerm extractEntry modules/treemap.js
322 silly gunzTarPerm modified mode [ 'modules/treemap.js', 420, 438 ]
323 silly gunzTarPerm extractEntry modules/annotations.src.js
324 silly gunzTarPerm modified mode [ 'modules/annotations.src.js', 420, 438 ]
325 silly gunzTarPerm extractEntry modules/treemap.src.js
326 silly gunzTarPerm modified mode [ 'modules/treemap.src.js', 420, 438 ]
327 silly gunzTarPerm extractEntry modules/annotations.js
328 silly gunzTarPerm modified mode [ 'modules/annotations.js', 420, 438 ]
329 silly gunzTarPerm extractEntry modules/xrange-series.js
330 silly gunzTarPerm modified mode [ 'modules/xrange-series.js', 420, 438 ]
331 silly gunzTarPerm extractEntry modules/accessibility.src.js
332 silly gunzTarPerm modified mode [ 'modules/accessibility.src.js', 420, 438 ]
333 silly gunzTarPerm extractEntry modules/xrange-series.src.js
334 silly gunzTarPerm modified mode [ 'modules/xrange-series.src.js', 420, 438 ]
335 silly gunzTarPerm extractEntry modules/grid-axis.src.js
336 silly gunzTarPerm modified mode [ 'modules/grid-axis.src.js', 420, 438 ]
337 silly gunzTarPerm extractEntry adapters/standalone-framework.js
338 silly gunzTarPerm modified mode [ 'adapters/standalone-framework.js', 420, 438 ]
339 silly gunzTarPerm extractEntry adapters/standalone-framework.src.js
340 silly gunzTarPerm modified mode [ 'adapters/standalone-framework.src.js', 420, 438 ]
341 silly gunzTarPerm extractEntry themes/dark-blue.js
342 silly gunzTarPerm modified mode [ 'themes/dark-blue.js', 420, 438 ]
343 silly gunzTarPerm extractEntry themes/dark-green.js
344 silly gunzTarPerm modified mode [ 'themes/dark-green.js', 420, 438 ]
345 silly gunzTarPerm extractEntry themes/dark-unica.js
346 silly gunzTarPerm modified mode [ 'themes/dark-unica.js', 420, 438 ]
347 silly gunzTarPerm extractEntry themes/gray.js
348 silly gunzTarPerm modified mode [ 'themes/gray.js', 420, 438 ]
349 silly gunzTarPerm extractEntry themes/grid-light.js
350 silly gunzTarPerm modified mode [ 'themes/grid-light.js', 420, 438 ]
351 silly gunzTarPerm extractEntry themes/grid.js
352 silly gunzTarPerm modified mode [ 'themes/grid.js', 420, 438 ]
353 silly gunzTarPerm extractEntry themes/sand-signika.js
354 silly gunzTarPerm modified mode [ 'themes/sand-signika.js', 420, 438 ]
355 silly gunzTarPerm extractEntry themes/skies.js
356 silly gunzTarPerm modified mode [ 'themes/skies.js', 420, 438 ]
357 silly doParallel preinstall 1
358 silly preinstall highcharts@5.0.7 D:\SubsistemaProyecto\node_modules\.staging\highcharts-52d9adac8b7bd36578420884f2a7c49c
359 info lifecycle highcharts@5.0.7~preinstall: highcharts@5.0.7
360 silly lifecycle highcharts@5.0.7~preinstall: no script for preinstall, continuing
361 silly doReverseSerial remove 0
362 silly doSerial move 0
363 silly doSerial finalize 1
364 silly finalize D:\SubsistemaProyecto\node_modules\highcharts
365 verbose unlock done using C:\Users\PC\AppData\Roaming\npm-cache\_locks\staging-2dd991afa45fae50.lock for D:\SubsistemaProyecto\node_modules\.staging
366 silly rollbackFailedOptional Starting
367 silly rollbackFailedOptional Finishing
368 silly runTopLevelLifecycles Starting
369 silly runTopLevelLifecycles Finishing
370 silly install printInstalled
371 verbose stack Error: EPERM: operation not permitted, rename 'D:\SubsistemaProyecto\node_modules\.staging\highcharts-52d9adac8b7bd36578420884f2a7c49c' -> 'D:\SubsistemaProyecto\node_modules\highcharts'
371 verbose stack     at Error (native)
372 verbose cwd D:\SubsistemaProyecto
373 error Windows_NT 6.3.9600
374 error argv "C:\\Program Files (x86)\\nodejs\\node.exe" "C:\\Program Files (x86)\\nodejs\\node_modules\\npm\\bin\\npm-cli.js" "install" "highcharts" "--save"
375 error node v5.4.0
376 error npm  v3.3.12
377 error path D:\SubsistemaProyecto\node_modules\.staging\highcharts-52d9adac8b7bd36578420884f2a7c49c
378 error code EPERM
379 error errno -4048
380 error syscall rename
381 error Error: EPERM: operation not permitted, rename 'D:\SubsistemaProyecto\node_modules\.staging\highcharts-52d9adac8b7bd36578420884f2a7c49c' -> 'D:\SubsistemaProyecto\node_modules\highcharts'
381 error     at Error (native)
381 error  { [Error: EPERM: operation not permitted, rename 'D:\SubsistemaProyecto\node_modules\.staging\highcharts-52d9adac8b7bd36578420884f2a7c49c' -> 'D:\SubsistemaProyecto\node_modules\highcharts']
381 error   errno: -4048,
381 error   code: 'EPERM',
381 error   syscall: 'rename',
381 error   path: 'D:\\SubsistemaProyecto\\node_modules\\.staging\\highcharts-52d9adac8b7bd36578420884f2a7c49c',
381 error   dest: 'D:\\SubsistemaProyecto\\node_modules\\highcharts',
381 error   parent: 'PrimerEjemplo' }
382 error Please try running this command again as root/Administrator.
383 verbose exit [ -4048, true ]
